build/app/intermediates/manifest_merge_blame_file/debug/manifest-merger-blame-debug-report.txt
1<?xml version="1.0" encoding="utf-8"?>
2<manifest xmlns:android="http://schemas.android.com/apk/res/android"
3    package="com.example.benn"
4    android:versionCode="1"
5    android:versionName="1.0.0" >
6
7    <uses-sdk
8        android:minSdkVersion="21"
9        android:targetSdkVersion="34" />
10    <!--
11         Flutter needs it to communicate with the running application
12         to allow setting breakpoints, to provide hot reload, etc.
13    -->
14    <uses-permission android:name="android.permission.INTERNET" />
14-->src\debug\AndroidManifest.xml:6:5-66
14-->src\debug\AndroidManifest.xml:6:22-64
15
16    <permission
16-->[androidx.core:core:1.13.1] AndroidManifest.xml:22:5-24:47
17        android:name="com.example.benn.DYNAMIC_RECEIVER_NOT_EXPORTED_PERMISSION"
17-->[androidx.core:core:1.13.1] AndroidManifest.xml:23:9-81
18        android:protectionLevel="signature" />
18-->[androidx.core:core:1.13.1] AndroidManifest.xml:24:9-44
19
20    <uses-permission android:name="com.example.benn.DYNAMIC_RECEIVER_NOT_EXPORTED_PERMISSION" />
20-->[androidx.core:core:1.13.1] AndroidManifest.xml:26:5-97
20-->[androidx.core:core:1.13.1] AndroidManifest.xml:26:22-94
21
22    <application
22-->src\main\AndroidManifest.xml:3:4-41:19
23        android:appComponentFactory="androidx.core.app.CoreComponentFactory"
23-->[androidx.core:core:1.13.1] AndroidManifest.xml:28:18-86
24        android:debuggable="true"
25        android:icon="@mipmap/ic_launcher"
25-->src\main\AndroidManifest.xml:5:9-43
26        android:label="benn" >
26-->src\main\AndroidManifest.xml:4:9-29
27        <activity
27-->src\main\AndroidManifest.xml:6:9-35:20
28            android:name="com.example.benn.MainActivity"
28-->src\main\AndroidManifest.xml:8:13-41
29            android:configChanges="orientation|keyboardHidden|keyboard|screenSize|smallestScreenSize|locale|layoutDirection|fontScale|screenLayout|density|uiMode"
29-->src\main\AndroidManifest.xml:11:13-163
30            android:exported="true"
30-->src\main\AndroidManifest.xml:7:13-36
31            android:hardwareAccelerated="true"
31-->src\main\AndroidManifest.xml:12:13-47
32            android:launchMode="singleTop"
32-->src\main\AndroidManifest.xml:9:13-43
33            android:theme="@style/LaunchTheme"
33-->src\main\AndroidManifest.xml:10:13-47
34            android:windowSoftInputMode="adjustResize" >
34-->src\main\AndroidManifest.xml:13:13-55
35
36            <!--
37                 Specifies an Android theme to apply to this Activity as soon as
38                 the Android process has started. This theme is visible to the user
39                 while the Flutter UI initializes. After that, this theme continues
40                 to determine the Window background behind the Flutter UI.
41            -->
42            <meta-data
42-->src\main\AndroidManifest.xml:18:13-21:17
43                android:name="io.flutter.embedding.android.NormalTheme"
43-->src\main\AndroidManifest.xml:19:15-70
44                android:resource="@style/NormalTheme" />
44-->src\main\AndroidManifest.xml:20:15-52
45            <!--
46                 Displays an Android View that continues showing the launch screen
47                 Drawable until Flutter paints its first frame, then this splash
48                 screen fades out. A splash screen is useful to avoid any visual
49                 gap between the end of Android's launch screen and the painting of
50                 Flutter's first frame.
51            -->
52            <meta-data
52-->src\main\AndroidManifest.xml:27:13-30:17
53                android:name="io.flutter.embedding.android.SplashScreenDrawable"
53-->src\main\AndroidManifest.xml:28:15-79
54                android:resource="@drawable/launch_background" />
54-->src\main\AndroidManifest.xml:29:15-61
55
56            <intent-filter>
56-->src\main\AndroidManifest.xml:31:13-34:29
57                <action android:name="android.intent.action.MAIN" />
57-->src\main\AndroidManifest.xml:32:17-68
57-->src\main\AndroidManifest.xml:32:25-66
58
59                <category android:name="android.intent.category.LAUNCHER" />
59-->src\main\AndroidManifest.xml:33:17-76
59-->src\main\AndroidManifest.xml:33:27-74
60            </intent-filter>
61        </activity>
62        <!--
63             Don't delete the meta-data below.
64             This is used by the Flutter tool to generate GeneratedPluginRegistrant.java
65        -->
66        <meta-data
66-->src\main\AndroidManifest.xml:38:9-40:33
67            android:name="flutterEmbedding"
67-->src\main\AndroidManifest.xml:39:13-44
68            android:value="2" />
68-->src\main\AndroidManifest.xml:40:13-30
69
70        <provider
70-->[:share] AndroidManifest.xml:10:9-18:20
71            android:name="io.flutter.plugins.share.ShareFileProvider"
71-->[:share] AndroidManifest.xml:11:13-70
72            android:authorities="com.example.benn.flutter.share_provider"
72-->[:share] AndroidManifest.xml:12:13-74
73            android:exported="false"
73-->[:share] AndroidManifest.xml:13:13-37
74            android:grantUriPermissions="true" >
74-->[:share] AndroidManifest.xml:14:13-47
75            <meta-data
75-->[:share] AndroidManifest.xml:15:13-17:68
76                android:name="android.support.FILE_PROVIDER_PATHS"
76-->[:share] AndroidManifest.xml:16:17-67
77                android:resource="@xml/flutter_share_file_paths" />
77-->[:share] AndroidManifest.xml:17:17-65
78        </provider>
79
80        <uses-library
80-->[androidx.window:window:1.2.0] AndroidManifest.xml:23:9-25:40
81            android:name="androidx.window.extensions"
81-->[androidx.window:window:1.2.0] AndroidManifest.xml:24:13-54
82            android:required="false" />
82-->[androidx.window:window:1.2.0] AndroidManifest.xml:25:13-37
83        <uses-library
83-->[androidx.window:window:1.2.0] AndroidManifest.xml:26:9-28:40
84            android:name="androidx.window.sidecar"
84-->[androidx.window:window:1.2.0] AndroidManifest.xml:27:13-51
85            android:required="false" />
85-->[androidx.window:window:1.2.0] AndroidManifest.xml:28:13-37
86
87        <provider
87-->[androidx.lifecycle:lifecycle-process:2.7.0] AndroidManifest.xml:24:9-32:20
88            android:name="androidx.startup.InitializationProvider"
88-->[androidx.lifecycle:lifecycle-process:2.7.0] AndroidManifest.xml:25:13-67
89            android:authorities="com.example.benn.androidx-startup"
89-->[androidx.lifecycle:lifecycle-process:2.7.0] AndroidManifest.xml:26:13-68
90            android:exported="false" >
90-->[androidx.lifecycle:lifecycle-process:2.7.0] AndroidManifest.xml:27:13-37
91            <meta-data
91-->[androidx.lifecycle:lifecycle-process:2.7.0] AndroidManifest.xml:29:13-31:52
92                android:name="androidx.lifecycle.ProcessLifecycleInitializer"
92-->[androidx.lifecycle:lifecycle-process:2.7.0] AndroidManifest.xml:30:17-78
93                android:value="androidx.startup" />
93-->[androidx.lifecycle:lifecycle-process:2.7.0] AndroidManifest.xml:31:17-49
94            <meta-data
94-->[androidx.profileinstaller:profileinstaller:1.3.1] AndroidManifest.xml:29:13-31:52
95                android:name="androidx.profileinstaller.ProfileInstallerInitializer"
95-->[androidx.profileinstaller:profileinstaller:1.3.1] AndroidManifest.xml:30:17-85
96                android:value="androidx.startup" />
96-->[androidx.profileinstaller:profileinstaller:1.3.1] AndroidManifest.xml:31:17-49
97        </provider>
98
99        <receiver
99-->[androidx.profileinstaller:profileinstaller:1.3.1] AndroidManifest.xml:34:9-52:20
100            android:name="androidx.profileinstaller.ProfileInstallReceiver"
100-->[androidx.profileinstaller:profileinstaller:1.3.1] AndroidManifest.xml:35:13-76
101            android:directBootAware="false"
101-->[androidx.profileinstaller:profileinstaller:1.3.1] AndroidManifest.xml:36:13-44
102            android:enabled="true"
102-->[androidx.profileinstaller:profileinstaller:1.3.1] AndroidManifest.xml:37:13-35
103            android:exported="true"
103-->[androidx.profileinstaller:profileinstaller:1.3.1] AndroidManifest.xml:38:13-36
104            android:permission="android.permission.DUMP" >
104-->[androidx.profileinstaller:profileinstaller:1.3.1] AndroidManifest.xml:39:13-57
105            <intent-filter>
105-->[androidx.profileinstaller:profileinstaller:1.3.1] AndroidManifest.xml:40:13-42:29
106                <action android:name="androidx.profileinstaller.action.INSTALL_PROFILE" />
106-->[androidx.profileinstaller:profileinstaller:1.3.1] AndroidManifest.xml:41:17-91
106-->[androidx.profileinstaller:profileinstaller:1.3.1] AndroidManifest.xml:41:25-88
107            </intent-filter>
108            <intent-filter>
108-->[androidx.profileinstaller:profileinstaller:1.3.1] AndroidManifest.xml:43:13-45:29
109                <action android:name="androidx.profileinstaller.action.SKIP_FILE" />
109-->[androidx.profileinstaller:profileinstaller:1.3.1] AndroidManifest.xml:44:17-85
109-->[androidx.profileinstaller:profileinstaller:1.3.1] AndroidManifest.xml:44:25-82
110            </intent-filter>
111            <intent-filter>
111-->[androidx.profileinstaller:profileinstaller:1.3.1] AndroidManifest.xml:46:13-48:29
112                <action android:name="androidx.profileinstaller.action.SAVE_PROFILE" />
112-->[androidx.profileinstaller:profileinstaller:1.3.1] AndroidManifest.xml:47:17-88
112-->[androidx.profileinstaller:profileinstaller:1.3.1] AndroidManifest.xml:47:25-85
113            </intent-filter>
114            <intent-filter>
114-->[androidx.profileinstaller:profileinstaller:1.3.1] AndroidManifest.xml:49:13-51:29
115                <action android:name="androidx.profileinstaller.action.BENCHMARK_OPERATION" />
115-->[androidx.profileinstaller:profileinstaller:1.3.1] AndroidManifest.xml:50:17-95
115-->[androidx.profileinstaller:profileinstaller:1.3.1] AndroidManifest.xml:50:25-92
116            </intent-filter>
117        </receiver>
118    </application>
119
120</manifest>